
*** Running vivado
    with args -log shiftleds_muxVioIla.vds -m64 -product Vivado -mode batch -messageDb vivado.pb -notrace -source shiftleds_muxVioIla.tcl


****** Vivado v2024.2.2 (64-bit)
  **** SW Build 6060944 on Thu Mar 06 19:10:09 MST 2025
  **** IP Build 6050500 on Thu Mar  6 23:33:39 MST 2025
  **** SharedData Build 6060542 on Thu Mar 06 10:31:07 MST 2025
  **** Start of session at: Fri Oct 17 01:38:12 2025
    ** Copyright 1986-2022 Xilinx, Inc. All Rights Reserved.
    ** Copyright 2022-2025 Advanced Micro Devices, Inc. All Rights Reserved.

source shiftleds_muxVioIla.tcl -notrace
INFO: [IP_Flow 19-234] Refreshing IP repositories
INFO: [IP_Flow 19-1704] No user IP repositories specified
INFO: [IP_Flow 19-2313] Loaded Vivado IP repository '/opt/Xilinx/Vivado/2024.2/data/ip'.
Command: read_checkpoint -auto_incremental -incremental /home/pdietz/Desktop/FPGA/repo/lab1/shiftleds/shiftleds.srcs/utils_1/imports/synth_1/shiftleds.dcp
INFO: [Vivado 12-5825] Read reference checkpoint from /home/pdietz/Desktop/FPGA/repo/lab1/shiftleds/shiftleds.srcs/utils_1/imports/synth_1/shiftleds.dcp for incremental synthesis
INFO: [Vivado 12-7989] Please ensure there are no constraint changes
Command: synth_design -top shiftleds_muxVioIla -part xc7a35ticsg324-1L
Starting synth_design
Attempting to get a license for feature 'Synthesis' and/or device 'xc7a35ti'
INFO: [Common 17-349] Got license for feature 'Synthesis' and/or device 'xc7a35ti'
INFO: [Device 21-403] Loading part xc7a35ticsg324-1L
INFO: [Synth 8-7079] Multithreading enabled for synth_design using a maximum of 7 processes.
INFO: [Synth 8-7078] Launching helper process for spawning children vivado processes
INFO: [Synth 8-7075] Helper process launched with PID 48154
---------------------------------------------------------------------------------
Starting RTL Elaboration : Time (s): cpu = 00:00:07 ; elapsed = 00:00:08 . Memory (MB): peak = 1899.812 ; gain = 416.828 ; free physical = 1664 ; free virtual = 27736
---------------------------------------------------------------------------------
INFO: [Synth 8-6157] synthesizing module 'shiftleds_muxVioIla' [/home/pdietz/Desktop/FPGA/repo/lab1/shiftleds/src/muxVioIla/shiftleds_muxVioIla.v:20]
INFO: [Synth 8-6157] synthesizing module 'vio' [/home/pdietz/Desktop/FPGA/repo/lab1/shiftleds/shiftleds.gen/sources_1/bd/vio/synth/vio.v:13]
INFO: [Synth 8-6157] synthesizing module 'vio_vio_0_0' [/home/pdietz/Desktop/FPGA/repo/lab1/shiftleds/shiftleds.runs/synth_1/.Xil/Vivado-48111-pop-os/realtime/vio_vio_0_0_stub.v:6]
INFO: [Synth 8-6155] done synthesizing module 'vio_vio_0_0' (0#1) [/home/pdietz/Desktop/FPGA/repo/lab1/shiftleds/shiftleds.runs/synth_1/.Xil/Vivado-48111-pop-os/realtime/vio_vio_0_0_stub.v:6]
INFO: [Synth 8-6155] done synthesizing module 'vio' (0#1) [/home/pdietz/Desktop/FPGA/repo/lab1/shiftleds/shiftleds.gen/sources_1/bd/vio/synth/vio.v:13]
WARNING: [Synth 8-4446] all outputs are unconnected for this instance and logic may be removed [/home/pdietz/Desktop/FPGA/repo/lab1/shiftleds/src/muxVioIla/shiftleds_muxVioIla.v:116]
INFO: [Synth 8-6157] synthesizing module 'ila' [/home/pdietz/Desktop/FPGA/repo/lab1/shiftleds/shiftleds.gen/sources_1/bd/ila/synth/ila.v:13]
WARNING: [Synth 8-4446] all outputs are unconnected for this instance and logic may be removed [/home/pdietz/Desktop/FPGA/repo/lab1/shiftleds/shiftleds.gen/sources_1/bd/ila/synth/ila.v:23]
INFO: [Synth 8-6157] synthesizing module 'ila_ila_0_0' [/home/pdietz/Desktop/FPGA/repo/lab1/shiftleds/shiftleds.runs/synth_1/.Xil/Vivado-48111-pop-os/realtime/ila_ila_0_0_stub.v:6]
INFO: [Synth 8-6155] done synthesizing module 'ila_ila_0_0' (0#1) [/home/pdietz/Desktop/FPGA/repo/lab1/shiftleds/shiftleds.runs/synth_1/.Xil/Vivado-48111-pop-os/realtime/ila_ila_0_0_stub.v:6]
INFO: [Synth 8-6155] done synthesizing module 'ila' (0#1) [/home/pdietz/Desktop/FPGA/repo/lab1/shiftleds/shiftleds.gen/sources_1/bd/ila/synth/ila.v:13]
INFO: [Synth 8-6155] done synthesizing module 'shiftleds_muxVioIla' (0#1) [/home/pdietz/Desktop/FPGA/repo/lab1/shiftleds/src/muxVioIla/shiftleds_muxVioIla.v:20]
INFO: [Synth 8-6071] Mark debug on the nets applies keep_hierarchy on instance 'vio_0'. This will prevent further optimization [/home/pdietz/Desktop/FPGA/repo/lab1/shiftleds/shiftleds.gen/sources_1/bd/vio/synth/vio.v:45]
INFO: [Synth 8-6071] Mark debug on the nets applies keep_hierarchy on instance 'u_ila'. This will prevent further optimization [/home/pdietz/Desktop/FPGA/repo/lab1/shiftleds/src/muxVioIla/shiftleds_muxVioIla.v:116]
INFO: [Synth 8-6071] Mark debug on the nets applies keep_hierarchy on instance 'ila_0'. This will prevent further optimization [/home/pdietz/Desktop/FPGA/repo/lab1/shiftleds/shiftleds.gen/sources_1/bd/ila/synth/ila.v:23]
---------------------------------------------------------------------------------
Finished RTL Elaboration : Time (s): cpu = 00:00:10 ; elapsed = 00:00:10 . Memory (MB): peak = 1975.750 ; gain = 492.766 ; free physical = 1570 ; free virtual = 27643
---------------------------------------------------------------------------------
---------------------------------------------------------------------------------
Start Handling Custom Attributes
---------------------------------------------------------------------------------
---------------------------------------------------------------------------------
Finished Handling Custom Attributes : Time (s): cpu = 00:00:10 ; elapsed = 00:00:10 . Memory (MB): peak = 1984.656 ; gain = 501.672 ; free physical = 1570 ; free virtual = 27643
---------------------------------------------------------------------------------
---------------------------------------------------------------------------------
Finished RTL Optimization Phase 1 : Time (s): cpu = 00:00:10 ; elapsed = 00:00:10 . Memory (MB): peak = 1984.656 ; gain = 501.672 ; free physical = 1570 ; free virtual = 27643
---------------------------------------------------------------------------------
Netlist sorting complete. Time (s): cpu = 00:00:00 ; elapsed = 00:00:00 . Memory (MB): peak = 1984.656 ; gain = 0.000 ; free physical = 1570 ; free virtual = 27643
INFO: [Project 1-570] Preparing netlist for logic optimization

Processing XDC Constraints
Initializing timing engine
Parsing XDC File [/home/pdietz/Desktop/FPGA/repo/lab1/shiftleds/shiftleds.gen/sources_1/bd/ila/ip/ila_ila_0_0/ila_ila_0_0/ila_ila_0_0_in_context.xdc] for cell 'u_ila/ila_0'
Finished Parsing XDC File [/home/pdietz/Desktop/FPGA/repo/lab1/shiftleds/shiftleds.gen/sources_1/bd/ila/ip/ila_ila_0_0/ila_ila_0_0/ila_ila_0_0_in_context.xdc] for cell 'u_ila/ila_0'
Parsing XDC File [/home/pdietz/Desktop/FPGA/repo/lab1/shiftleds/shiftleds.gen/sources_1/bd/vio/ip/vio_vio_0_0/vio_vio_0_0/vio_vio_0_0_in_context.xdc] for cell 'u_vio/vio_0'
Finished Parsing XDC File [/home/pdietz/Desktop/FPGA/repo/lab1/shiftleds/shiftleds.gen/sources_1/bd/vio/ip/vio_vio_0_0/vio_vio_0_0/vio_vio_0_0_in_context.xdc] for cell 'u_vio/vio_0'
Parsing XDC File [/home/pdietz/Desktop/FPGA/repo/lab1/shiftleds/src/shiftReg/Arty_Master_v2.xdc]
Finished Parsing XDC File [/home/pdietz/Desktop/FPGA/repo/lab1/shiftleds/src/shiftReg/Arty_Master_v2.xdc]
INFO: [Project 1-236] Implementation specific constraints were found while reading constraint file [/home/pdietz/Desktop/FPGA/repo/lab1/shiftleds/src/shiftReg/Arty_Master_v2.xdc]. These constraints will be ignored for synthesis but will be used in implementation. Impacted constraints are listed in the file [.Xil/shiftleds_muxVioIla_propImpl.xdc].
Resolution: To avoid this warning, move constraints listed in [.Xil/shiftleds_muxVioIla_propImpl.xdc] to another XDC file and exclude this new file from synthesis with the used_in_synthesis property (File Properties dialog in GUI) and re-run elaboration/synthesis.
Parsing XDC File [/home/pdietz/Desktop/FPGA/repo/lab1/shiftleds/shiftleds.runs/synth_1/dont_touch.xdc]
Finished Parsing XDC File [/home/pdietz/Desktop/FPGA/repo/lab1/shiftleds/shiftleds.runs/synth_1/dont_touch.xdc]
Completed Processing XDC Constraints

Netlist sorting complete. Time (s): cpu = 00:00:00 ; elapsed = 00:00:00 . Memory (MB): peak = 2099.465 ; gain = 0.000 ; free physical = 1585 ; free virtual = 27658
INFO: [Project 1-111] Unisim Transformation Summary:
No Unisim elements were transformed.

Constraint Validation Runtime : Time (s): cpu = 00:00:00 ; elapsed = 00:00:00 . Memory (MB): peak = 2099.465 ; gain = 0.000 ; free physical = 1585 ; free virtual = 27658
---------------------------------------------------------------------------------
Finished Constraint Validation : Time (s): cpu = 00:00:19 ; elapsed = 00:00:19 . Memory (MB): peak = 2099.465 ; gain = 616.480 ; free physical = 1647 ; free virtual = 27720
---------------------------------------------------------------------------------
---------------------------------------------------------------------------------
Start Loading Part and Timing Information
---------------------------------------------------------------------------------
Loading part: xc7a35ticsg324-1L
---------------------------------------------------------------------------------
Finished Loading Part and Timing Information : Time (s): cpu = 00:00:19 ; elapsed = 00:00:19 . Memory (MB): peak = 2107.469 ; gain = 624.484 ; free physical = 1647 ; free virtual = 27720
---------------------------------------------------------------------------------
---------------------------------------------------------------------------------
Start Applying 'set_property' XDC Constraints
---------------------------------------------------------------------------------
Applied set_property KEEP_HIERARCHY = SOFT for u_ila. (constraint file  auto generated constraint).
Applied set_property KEEP_HIERARCHY = SOFT for u_ila/ila_0. (constraint file  auto generated constraint).
Applied set_property KEEP_HIERARCHY = SOFT for u_vio. (constraint file  auto generated constraint).
Applied set_property KEEP_HIERARCHY = SOFT for u_vio/vio_0. (constraint file  auto generated constraint).
---------------------------------------------------------------------------------
Finished applying 'set_property' XDC Constraints : Time (s): cpu = 00:00:19 ; elapsed = 00:00:19 . Memory (MB): peak = 2107.469 ; gain = 624.484 ; free physical = 1647 ; free virtual = 27720
---------------------------------------------------------------------------------
---------------------------------------------------------------------------------
Start Preparing Guide Design
---------------------------------------------------------------------------------
CRITICAL WARNING: [Synth 8-6895] The reference checkpoint /home/pdietz/Desktop/FPGA/repo/lab1/shiftleds/shiftleds.srcs/utils_1/imports/synth_1/shiftleds.dcp is not suitable for use with incremental synthesis for this design. Please regenerate the checkpoint for this design with -incremental_synth switch in the same Vivado session that synth_design has been run. Synthesis will continue with the default flow
---------------------------------------------------------------------------------
Finished Doing Graph Differ : Time (s): cpu = 00:00:19 ; elapsed = 00:00:19 . Memory (MB): peak = 2107.469 ; gain = 624.484 ; free physical = 1647 ; free virtual = 27721
---------------------------------------------------------------------------------
---------------------------------------------------------------------------------
Finished Preparing Guide Design : Time (s): cpu = 00:00:19 ; elapsed = 00:00:19 . Memory (MB): peak = 2107.469 ; gain = 624.484 ; free physical = 1647 ; free virtual = 27721
---------------------------------------------------------------------------------
---------------------------------------------------------------------------------
Finished RTL Optimization Phase 2 : Time (s): cpu = 00:00:19 ; elapsed = 00:00:19 . Memory (MB): peak = 2107.469 ; gain = 624.484 ; free physical = 1647 ; free virtual = 27721
---------------------------------------------------------------------------------


Incremental Synthesis Report Summary:

1. Incremental synthesis run: no

   Reason for not running incremental synthesis : 


INFO: [Synth 8-7130] Flow is switching to default flow due to incremental criteria not met. If you would like to alter this behaviour and have the flow terminate instead, please set the following parameter config_implementation {autoIncr.Synth.RejectBehavior Terminate}
---------------------------------------------------------------------------------
Start RTL Component Statistics 
---------------------------------------------------------------------------------
Detailed RTL Component Info : 
+---Registers : 
	                4 Bit    Registers := 1     
+---Muxes : 
	   2 Input   32 Bit        Muxes := 1     
	   3 Input   26 Bit        Muxes := 1     
	   2 Input    4 Bit        Muxes := 1     
	   2 Input    1 Bit        Muxes := 1     
---------------------------------------------------------------------------------
Finished RTL Component Statistics 
---------------------------------------------------------------------------------
---------------------------------------------------------------------------------
Start Part Resource Summary
---------------------------------------------------------------------------------
Part Resources:
DSPs: 90 (col length:60)
BRAMs: 100 (col length: RAMB18 60 RAMB36 30)
---------------------------------------------------------------------------------
Finished Part Resource Summary
---------------------------------------------------------------------------------
---------------------------------------------------------------------------------
Start Cross Boundary and Area Optimization
---------------------------------------------------------------------------------
WARNING: [Synth 8-7080] Parallel synthesis criteria is not met
---------------------------------------------------------------------------------
Finished Cross Boundary and Area Optimization : Time (s): cpu = 00:00:21 ; elapsed = 00:00:22 . Memory (MB): peak = 2107.469 ; gain = 624.484 ; free physical = 1622 ; free virtual = 27701
---------------------------------------------------------------------------------
---------------------------------------------------------------------------------
Start Applying XDC Timing Constraints
---------------------------------------------------------------------------------
---------------------------------------------------------------------------------
Finished Applying XDC Timing Constraints : Time (s): cpu = 00:00:30 ; elapsed = 00:00:31 . Memory (MB): peak = 2152.469 ; gain = 669.484 ; free physical = 1544 ; free virtual = 27622
---------------------------------------------------------------------------------
---------------------------------------------------------------------------------
Start Timing Optimization
---------------------------------------------------------------------------------
---------------------------------------------------------------------------------
Finished Timing Optimization : Time (s): cpu = 00:00:30 ; elapsed = 00:00:31 . Memory (MB): peak = 2181.516 ; gain = 698.531 ; free physical = 1512 ; free virtual = 27591
---------------------------------------------------------------------------------
---------------------------------------------------------------------------------
Start Technology Mapping
---------------------------------------------------------------------------------
---------------------------------------------------------------------------------
Finished Technology Mapping : Time (s): cpu = 00:00:30 ; elapsed = 00:00:31 . Memory (MB): peak = 2181.516 ; gain = 698.531 ; free physical = 1512 ; free virtual = 27591
---------------------------------------------------------------------------------
---------------------------------------------------------------------------------
Start IO Insertion
---------------------------------------------------------------------------------
---------------------------------------------------------------------------------
Start Flattening Before IO Insertion
---------------------------------------------------------------------------------
---------------------------------------------------------------------------------
Finished Flattening Before IO Insertion
---------------------------------------------------------------------------------
---------------------------------------------------------------------------------
Start Final Netlist Cleanup
---------------------------------------------------------------------------------
---------------------------------------------------------------------------------
Finished Final Netlist Cleanup
---------------------------------------------------------------------------------
---------------------------------------------------------------------------------
Finished IO Insertion : Time (s): cpu = 00:00:36 ; elapsed = 00:00:36 . Memory (MB): peak = 2333.328 ; gain = 850.344 ; free physical = 1394 ; free virtual = 27473
---------------------------------------------------------------------------------
---------------------------------------------------------------------------------
Start Renaming Generated Instances
---------------------------------------------------------------------------------
---------------------------------------------------------------------------------
Finished Renaming Generated Instances : Time (s): cpu = 00:00:36 ; elapsed = 00:00:36 . Memory (MB): peak = 2333.328 ; gain = 850.344 ; free physical = 1394 ; free virtual = 27473
---------------------------------------------------------------------------------
---------------------------------------------------------------------------------
Start Rebuilding User Hierarchy
---------------------------------------------------------------------------------
---------------------------------------------------------------------------------
Finished Rebuilding User Hierarchy : Time (s): cpu = 00:00:36 ; elapsed = 00:00:36 . Memory (MB): peak = 2333.328 ; gain = 850.344 ; free physical = 1394 ; free virtual = 27473
---------------------------------------------------------------------------------
---------------------------------------------------------------------------------
Start Renaming Generated Ports
---------------------------------------------------------------------------------
---------------------------------------------------------------------------------
Finished Renaming Generated Ports : Time (s): cpu = 00:00:36 ; elapsed = 00:00:36 . Memory (MB): peak = 2333.328 ; gain = 850.344 ; free physical = 1394 ; free virtual = 27473
---------------------------------------------------------------------------------
---------------------------------------------------------------------------------
Start Handling Custom Attributes
---------------------------------------------------------------------------------
---------------------------------------------------------------------------------
Finished Handling Custom Attributes : Time (s): cpu = 00:00:36 ; elapsed = 00:00:36 . Memory (MB): peak = 2333.328 ; gain = 850.344 ; free physical = 1394 ; free virtual = 27473
---------------------------------------------------------------------------------
---------------------------------------------------------------------------------
Start Renaming Generated Nets
---------------------------------------------------------------------------------
---------------------------------------------------------------------------------
Finished Renaming Generated Nets : Time (s): cpu = 00:00:36 ; elapsed = 00:00:36 . Memory (MB): peak = 2333.328 ; gain = 850.344 ; free physical = 1394 ; free virtual = 27473
---------------------------------------------------------------------------------
---------------------------------------------------------------------------------
Start Writing Synthesis Report
---------------------------------------------------------------------------------

Report BlackBoxes: 
+------+--------------+----------+
|      |BlackBox name |Instances |
+------+--------------+----------+
|1     |vio_vio_0_0   |         1|
|2     |ila_ila_0_0   |         1|
+------+--------------+----------+

Report Cell Usage: 
+------+----------+------+
|      |Cell      |Count |
+------+----------+------+
|1     |ila_ila_0 |     1|
|2     |vio_vio_0 |     1|
|3     |BUFG      |     1|
|4     |CARRY4    |    12|
|5     |LUT2      |    50|
|6     |LUT3      |     3|
|7     |LUT4      |     9|
|8     |LUT6      |     4|
|9     |FDCE      |    35|
|10    |FDPE      |     1|
|11    |IBUF      |     6|
|12    |OBUF      |    12|
+------+----------+------+
---------------------------------------------------------------------------------
Finished Writing Synthesis Report : Time (s): cpu = 00:00:36 ; elapsed = 00:00:36 . Memory (MB): peak = 2333.328 ; gain = 850.344 ; free physical = 1394 ; free virtual = 27473
---------------------------------------------------------------------------------
Synthesis finished with 0 errors, 1 critical warnings and 1 warnings.
Synthesis Optimization Runtime : Time (s): cpu = 00:00:34 ; elapsed = 00:00:35 . Memory (MB): peak = 2333.328 ; gain = 735.535 ; free physical = 1394 ; free virtual = 27473
Synthesis Optimization Complete : Time (s): cpu = 00:00:36 ; elapsed = 00:00:37 . Memory (MB): peak = 2333.336 ; gain = 850.344 ; free physical = 1394 ; free virtual = 27473
INFO: [Project 1-571] Translating synthesized netlist
Netlist sorting complete. Time (s): cpu = 00:00:00 ; elapsed = 00:00:00.01 . Memory (MB): peak = 2333.336 ; gain = 0.000 ; free physical = 1394 ; free virtual = 27473
INFO: [Netlist 29-17] Analyzing 12 Unisim elements for replacement
INFO: [Netlist 29-28] Unisim Transformation completed in 0 CPU seconds
INFO: [Project 1-570] Preparing netlist for logic optimization
INFO: [Opt 31-138] Pushed 0 inverter(s) to 0 load pin(s).
Netlist sorting complete. Time (s): cpu = 00:00:00 ; elapsed = 00:00:00 . Memory (MB): peak = 2357.340 ; gain = 0.000 ; free physical = 1443 ; free virtual = 27522
INFO: [Project 1-111] Unisim Transformation Summary:
No Unisim elements were transformed.

Synth Design complete | Checksum: 2b52ccb7
INFO: [Common 17-83] Releasing license: Synthesis
34 Infos, 3 Warnings, 1 Critical Warnings and 0 Errors encountered.
synth_design completed successfully
synth_design: Time (s): cpu = 00:00:53 ; elapsed = 00:00:48 . Memory (MB): peak = 2357.340 ; gain = 979.863 ; free physical = 1443 ; free virtual = 27522
INFO: [Common 17-2834] synth_design peak Physical Memory [PSS] (MB): overall = 1530.768; main = 1518.825; forked = 267.758
INFO: [Common 17-2834] synth_design peak Virtual Memory [VSS] (MB): overall = 3053.480; main = 2357.344; forked = 946.008
INFO: [runtcl-6] Synthesis results are not added to the cache due to CRITICAL_WARNING
Write ShapeDB Complete: Time (s): cpu = 00:00:00.01 ; elapsed = 00:00:00 . Memory (MB): peak = 2381.352 ; gain = 0.000 ; free physical = 1443 ; free virtual = 27521
INFO: [Common 17-1381] The checkpoint '/home/pdietz/Desktop/FPGA/repo/lab1/shiftleds/shiftleds.runs/synth_1/shiftleds_muxVioIla.dcp' has been generated.
INFO: [Vivado 12-24828] Executing command : report_utilization -file shiftleds_muxVioIla_utilization_synth.rpt -pb shiftleds_muxVioIla_utilization_synth.pb
INFO: [Common 17-206] Exiting Vivado at Fri Oct 17 01:39:08 2025...
